
                      Design Compiler Graphical
                            DC Ultra (TM)
                             DFTMAX (TM)
                         Power Compiler (TM)
                           DesignWare (R)
                           DC Expert (TM)
                         Design Vision (TM)
                          HDL Compiler (TM)
                         VHDL Compiler (TM)
                            DFT Compiler
                        Library Compiler (TM)
                         Design Compiler(R)

         Version G-2012.06-SP5-1 for RHEL64 -- Mar 18, 2013
               Copyright (c) 1988-2012 Synopsys, Inc.

This software and the associated documentation are confidential and 
proprietary to Synopsys, Inc. Your use or disclosure of this software 
is subject to the terms and conditions of a written license agreement 
between you, or your company, and Synopsys, Inc.

Initializing...
# ========== Copyright Header Begin ==========================================
# 
# OpenSPARC T2 Processor File: run.scr
# Copyright (C) 1995-2007 Sun Microsystems, Inc. All Rights Reserved
# 4150 Network Circle, Santa Clara, California 95054, U.S.A.
#
# * DO NOT ALTER OR REMOVE COPYRIGHT NOTICES OR THIS FILE HEADER. 
#
# This program is free software; you can redistribute it and/or modify
# it under the terms of the GNU General Public License as published by
# the Free Software Foundation; version 2 of the License.
#
# This program is distributed in the hope that it will be useful,
# but WITHOUT ANY WARRANTY; without even the implied warranty of
# MERCHANTABILITY or FITNESS FOR A PARTICULAR PURPOSE.  See the
# GNU General Public License for more details.
#
# You should have received a copy of the GNU General Public License
# along with this program; if not, write to the Free Software
# Foundation, Inc., 59 Temple Place, Suite 330, Boston, MA  02111-1307  USA
#
# For the avoidance of doubt, and except that if any non-GPL license 
# choice is available it will apply instead, Sun elects to use only 
# the General Public License version 2 (GPLv2) at this time for any 
# software where a choice of GPL license versions is made 
# available with the language indicating that GPLv2 or any later version 
# may be used, or where a choice of which version of the GPL is applied is 
# otherwise unspecified. 
#
# Please contact Sun Microsystems, Inc., 4150 Network Circle, Santa Clara, 
# CA 95054 USA or visit www.sun.com if you need additional information or 
# have any questions. 
# 
# ========== Copyright Header End ============================================
sh date
Fri Aug  2 18:07:37 PDT 2013
sh hostname
selene.Stanford.EDU
sh uptime
 18:07:37 up 7 days, 17:11,  4 users,  load average: 2.16, 2.15, 1.97
remove_design -all
1
if {[file exists template]} {
   sh rm -rf template
}
sh mkdir template
if {![file exists gate]} {
   sh mkdir gate
}
if {![file exists log]} {
   sh mkdir log
}
###########################################################################
# 1. Setup from environment variables
###########################################################################
set dv_root [sh echo \$DV_ROOT]
/scratch0/linhai88/OST2/OST2.design
set syn_home [sh echo \$SYN_LIB]
/cad/synopsys/dc_shell/G-2012.06-SP5-1/libraries/syn
source -echo -verbose script/user_cfg.scr
# ========== Copyright Header Begin ==========================================
# 
# OpenSPARC T2 Processor File: user_cfg.scr
# Copyright (C) 1995-2007 Sun Microsystems, Inc. All Rights Reserved
# 4150 Network Circle, Santa Clara, California 95054, U.S.A.
#
# * DO NOT ALTER OR REMOVE COPYRIGHT NOTICES OR THIS FILE HEADER. 
#
# This program is free software; you can redistribute it and/or modify
# it under the terms of the GNU General Public License as published by
# the Free Software Foundation; version 2 of the License.
#
# This program is distributed in the hope that it will be useful,
# but WITHOUT ANY WARRANTY; without even the implied warranty of
# MERCHANTABILITY or FITNESS FOR A PARTICULAR PURPOSE.  See the
# GNU General Public License for more details.
#
# You should have received a copy of the GNU General Public License
# along with this program; if not, write to the Free Software
# Foundation, Inc., 59 Temple Place, Suite 330, Boston, MA  02111-1307  USA
#
# For the avoidance of doubt, and except that if any non-GPL license 
# choice is available it will apply instead, Sun elects to use only 
# the General Public License version 2 (GPLv2) at this time for any 
# software where a choice of GPL license versions is made 
# available with the language indicating that GPLv2 or any later version 
# may be used, or where a choice of which version of the GPL is applied is 
# otherwise unspecified. 
#
# Please contact Sun Microsystems, Inc., 4150 Network Circle, Santa Clara, 
# CA 95054 USA or visit www.sun.com if you need additional information or 
# have any questions. 
# 
# ========== Copyright Header End ============================================
source -echo -verbose $dv_root/design/sys/synopsys/script/project_sparc_cfg.scr
# ========== Copyright Header Begin ==========================================
# 
# OpenSPARC T2 Processor File: project_sparc_cfg.scr
# Copyright (C) 1995-2007 Sun Microsystems, Inc. All Rights Reserved
# 4150 Network Circle, Santa Clara, California 95054, U.S.A.
#
# * DO NOT ALTER OR REMOVE COPYRIGHT NOTICES OR THIS FILE HEADER. 
#
# This program is free software; you can redistribute it and/or modify
# it under the terms of the GNU General Public License as published by
# the Free Software Foundation; version 2 of the License.
#
# This program is distributed in the hope that it will be useful,
# but WITHOUT ANY WARRANTY; without even the implied warranty of
# MERCHANTABILITY or FITNESS FOR A PARTICULAR PURPOSE.  See the
# GNU General Public License for more details.
#
# You should have received a copy of the GNU General Public License
# along with this program; if not, write to the Free Software
# Foundation, Inc., 59 Temple Place, Suite 330, Boston, MA  02111-1307  USA
#
# For the avoidance of doubt, and except that if any non-GPL license 
# choice is available it will apply instead, Sun elects to use only 
# the General Public License version 2 (GPLv2) at this time for any 
# software where a choice of GPL license versions is made 
# available with the language indicating that GPLv2 or any later version 
# may be used, or where a choice of which version of the GPL is applied is 
# otherwise unspecified. 
#
# Please contact Sun Microsystems, Inc., 4150 Network Circle, Santa Clara, 
# CA 95054 USA or visit www.sun.com if you need additional information or 
# have any questions. 
# 
# ========== Copyright Header End ============================================
set project_sparc_cfg	1
1
###########################################################################
# Specify target library specific variables
###########################################################################
source $dv_root/design/sys/synopsys/script/target_lib.scr
INFO: target library version /cad/synopsys/dc_shell/G-2012.06-SP5-1/libraries/syn
lsi_10k/FJK*
###########################################################################
# Include Synopsys Designware library
###########################################################################
# Designware will not be used in sparc control blocks
set synthetic_library {}
set link_path [concat  $link_library $synthetic_library]
* lsi_10k.db
###########################################################################
# Timing paramaters
###########################################################################
set max_transition   0.15
0.15
set max_fanout         6
6
# default input/output delays
set default_input_delay  0.15
Information: Use of Variable 'default_input_delay' is not recommended. This variable will be obsolete in a future release. (INFO-101)
0.15
set default_output_delay 0.2
Information: Use of Variable 'default_output_delay' is not recommended. This variable will be obsolete in a future release. (INFO-101)
0.2
set critical_range       0.30
0.30
# default number of worst path reported
set num_of_path 50
50
#default compile style for io is to not flatten the whole design
set compile_flatten_all 0
0
0
set rtl_files {libs/cl/cl_rtl_ext.v
libs/cl/cl_a1/cl_a1.behV
libs/cl/cl_u1/cl_u1.behV
libs/cl/cl_dp1/cl_dp1.behV
libs/cl/cl_sc1/cl_sc1.behV
libs/cl/cl_u1lvt/cl_u1lvt.behV
libs/cl/cl_mc1/cl_mc1.v

design/sys/iop/spc/gkt/rtl/gkt.v
design/sys/iop/spc/gkt/rtl/gkt_ipc_ctl.v
design/sys/iop/spc/gkt/rtl/gkt_ipd_dp.v
design/sys/iop/spc/gkt/rtl/gkt_leg_ctl.v
design/sys/iop/spc/gkt/rtl/gkt_pqm_ctl.v
}
libs/cl/cl_rtl_ext.v
libs/cl/cl_a1/cl_a1.behV
libs/cl/cl_u1/cl_u1.behV
libs/cl/cl_dp1/cl_dp1.behV
libs/cl/cl_sc1/cl_sc1.behV
libs/cl/cl_u1lvt/cl_u1lvt.behV
libs/cl/cl_mc1/cl_mc1.v

design/sys/iop/spc/gkt/rtl/gkt.v
design/sys/iop/spc/gkt/rtl/gkt_ipc_ctl.v
design/sys/iop/spc/gkt/rtl/gkt_ipd_dp.v
design/sys/iop/spc/gkt/rtl/gkt_leg_ctl.v
design/sys/iop/spc/gkt/rtl/gkt_pqm_ctl.v

set link_library [concat $link_library    dw_foundation.sldb ]
* lsi_10k.db dw_foundation.sldb
set mix_files {}
set top_module gkt
gkt
set include_paths {}
set black_box_libs {}
set black_box_designs {}
set mem_libs {}
set dont_touch_modules {}
set compile_effort   "medium"
medium
set compile_flatten_all 1
1
set compile_no_new_cells_at_top_level false
false
set default_clk l2clk
l2clk
set default_clk_freq  1400
1400
set default_setup_skew  0.0
0.0
set default_hold_skew  0.0
0.0
set default_clk_transition  0.05
0.05
set clk_list {                                        { l2clk           1400.0   0.000   0.000   0.05}        }
                                        { l2clk           1400.0   0.000   0.000   0.05}        
set ideal_net_list {}
set false_path_list {}
set enforce_input_fanout_one     0
0
set allow_outport_drive_innodes  1
1
set skip_scan            0
0
set add_lockup_latch     false
false
set chain_count          1
1
set scanin_port_list     {}
set scanout_port_list    {}
set scanenable_port      global_shift_enable
global_shift_enable
set has_test_stub        1
1
set scanenable_pin       test_stub_no_bist/se
test_stub_no_bist/se
set long_chain_so_0_net  long_chain_so_0
long_chain_so_0
set short_chain_so_0_net short_chain_so_0
short_chain_so_0
set so_0_net             so_0
so_0
set insert_extra_lockup_latch 0
0
set extra_lockup_latch_clk_list {}
set search_path [concat $search_path script/]
. /cad/synopsys/dc_shell/G-2012.06-SP5-1/libraries/syn /cad/synopsys/dc_shell/G-2012.06-SP5-1/minpower/syn /cad/synopsys/dc_shell/G-2012.06-SP5-1/dw/syn_ver /cad/synopsys/dc_shell/G-2012.06-SP5-1/dw/sim_ver /cad/synopsys/dc_shell/G-2012.06-SP5-1/libraries/syn script/
set search_path [concat $syn_home    $search_path ]
/cad/synopsys/dc_shell/G-2012.06-SP5-1/libraries/syn . /cad/synopsys/dc_shell/G-2012.06-SP5-1/libraries/syn /cad/synopsys/dc_shell/G-2012.06-SP5-1/minpower/syn /cad/synopsys/dc_shell/G-2012.06-SP5-1/dw/syn_ver /cad/synopsys/dc_shell/G-2012.06-SP5-1/dw/sim_ver /cad/synopsys/dc_shell/G-2012.06-SP5-1/libraries/syn script/
foreach include_path $include_paths {
   set search_path [concat $search_path $dv_root/$include_path]
}
sh date
Fri Aug  2 18:07:37 PDT 2013
set link_library [concat $link_library                          $mem_libs                          $black_box_designs]
* lsi_10k.db dw_foundation.sldb
set target_library $syn_home/lsi_10k.db 
/cad/synopsys/dc_shell/G-2012.06-SP5-1/libraries/syn/lsi_10k.db
set target_library [concat $target_library                            $mem_libs]
/cad/synopsys/dc_shell/G-2012.06-SP5-1/libraries/syn/lsi_10k.db
set hdlin_enable_vpp true
Information: Variable 'hdlin_enable_vpp' is obsolete and is being ignored. (INFO-100)
true
set hdlin_auto_save_templates false
false
define_design_lib WORK -path .template
1
set verilogout_single_bit false
false
set hdlout_internal_busses true
true
set bus_naming_style {%s[%d]}
%s[%d]
set bus_inference_style $bus_naming_style
%s[%d]
echo $search_path
/cad/synopsys/dc_shell/G-2012.06-SP5-1/libraries/syn . /cad/synopsys/dc_shell/G-2012.06-SP5-1/libraries/syn /cad/synopsys/dc_shell/G-2012.06-SP5-1/minpower/syn /cad/synopsys/dc_shell/G-2012.06-SP5-1/dw/syn_ver /cad/synopsys/dc_shell/G-2012.06-SP5-1/dw/sim_ver /cad/synopsys/dc_shell/G-2012.06-SP5-1/libraries/syn script/
###########################################################################
# 2. Read Designs
###########################################################################
set all_rtl_files  { }
 
foreach rtl_file $rtl_files {
    set full_file_path $dv_root/$rtl_file
    set all_rtl_files [concat $all_rtl_files $full_file_path ]
}
analyze -format verilog -define RUNDC $all_rtl_files
Running PRESTO HDLC
Compiling source file /scratch0/linhai88/OST2/OST2.design/libs/cl/cl_rtl_ext.v
Compiling source file /scratch0/linhai88/OST2/OST2.design/libs/cl/cl_a1/cl_a1.behV
Warning:  /scratch0/linhai88/OST2/OST2.design/libs/cl/cl_a1/cl_a1.behV:1812: The statements in initial blocks are ignored. (VER-281)
Compiling source file /scratch0/linhai88/OST2/OST2.design/libs/cl/cl_u1/cl_u1.behV
Compiling source file /scratch0/linhai88/OST2/OST2.design/libs/cl/cl_dp1/cl_dp1.behV
Warning:  /scratch0/linhai88/OST2/OST2.design/libs/cl/cl_dp1/cl_dp1.behV:402: The statements in initial blocks are ignored. (VER-281)
Warning:  /scratch0/linhai88/OST2/OST2.design/libs/cl/cl_dp1/cl_dp1.behV:447: The statements in initial blocks are ignored. (VER-281)
Compiling source file /scratch0/linhai88/OST2/OST2.design/libs/cl/cl_sc1/cl_sc1.behV
Warning:  /scratch0/linhai88/OST2/OST2.design/libs/cl/cl_sc1/cl_sc1.behV:1812: The statements in initial blocks are ignored. (VER-281)
Compiling source file /scratch0/linhai88/OST2/OST2.design/libs/cl/cl_u1lvt/cl_u1lvt.behV
Compiling source file /scratch0/linhai88/OST2/OST2.design/libs/cl/cl_mc1/cl_mc1.v
Compiling source file /scratch0/linhai88/OST2/OST2.design/design/sys/iop/spc/gkt/rtl/gkt.v
Compiling source file /scratch0/linhai88/OST2/OST2.design/design/sys/iop/spc/gkt/rtl/gkt_ipc_ctl.v
Compiling source file /scratch0/linhai88/OST2/OST2.design/design/sys/iop/spc/gkt/rtl/gkt_ipd_dp.v
Compiling source file /scratch0/linhai88/OST2/OST2.design/design/sys/iop/spc/gkt/rtl/gkt_leg_ctl.v
Compiling source file /scratch0/linhai88/OST2/OST2.design/design/sys/iop/spc/gkt/rtl/gkt_pqm_ctl.v
Presto compilation completed successfully.
Loading db file '/cad/synopsys/dc_shell/G-2012.06-SP5-1/libraries/syn/lsi_10k.db'
Loading db file '/cad/synopsys/dc_shell/G-2012.06-SP5-1/libraries/syn/dw_foundation.sldb'
1
elaborate $top_module
Loading db file '/cad/synopsys/dc_shell/G-2012.06-SP5-1/libraries/syn/gtech.db'
Loading db file '/cad/synopsys/dc_shell/G-2012.06-SP5-1/libraries/syn/standard.sldb'
  Loading link library 'lsi_10k'
  Loading link library 'gtech'
Running PRESTO HDLC
Presto compilation completed successfully.
Elaborated 1 design.
Current design is now 'gkt'.
Information: Building the design 'gkt_ipc_ctl'. (HDL-193)
Presto compilation completed successfully.
Information: Building the design 'gkt_ipd_dp'. (HDL-193)
Presto compilation completed successfully.
Information: Building the design 'gkt_leg_ctl'. (HDL-193)
Presto compilation completed successfully.
Information: Building the design 'gkt_ipc_ctl_l1clkhdr_ctl_macro'. (HDL-193)
Presto compilation completed successfully.
Information: Building the design 'gkt_ipc_ctl_msff_ctl_macro__width_1'. (HDL-193)
Presto compilation completed successfully.
Information: Building the design 'gkt_ipc_ctl_msff_ctl_macro__width_5'. (HDL-193)
Presto compilation completed successfully.
Information: Building the design 'gkt_ipc_ctl_msff_ctl_macro__width_6'. (HDL-193)
Presto compilation completed successfully.
Information: Building the design 'gkt_ipc_ctl_msff_ctl_macro__width_9'. (HDL-193)
Presto compilation completed successfully.
Information: Building the design 'gkt_ipc_ctl_msff_ctl_macro__width_4'. (HDL-193)
Presto compilation completed successfully.
Information: Building the design 'gkt_ipc_ctl_msff_ctl_macro__width_13'. (HDL-193)
Presto compilation completed successfully.
Information: Building the design 'gkt_ipc_ctl_msff_ctl_macro__width_7'. (HDL-193)
Presto compilation completed successfully.
Information: Building the design 'gkt_pqm_ctl'. (HDL-193)
Presto compilation completed successfully.
Information: Building the design 'gkt_ipc_ctl_spare_ctl_macro__num_5'. (HDL-193)
Presto compilation completed successfully.
Information: Building the design 'gkt_ipd_dp_msff_macro__stack_66c__width_3'. (HDL-193)
Presto compilation completed successfully.
Information: Building the design 'gkt_ipd_dp_buff_macro__dbuff_16x__rep_1__stack_none__width_9'. (HDL-193)
Presto compilation completed successfully.
Information: Building the design 'gkt_ipd_dp_buff_macro__dbuff_16x__rep_1__stack_none__width_6'. (HDL-193)
Presto compilation completed successfully.
Information: Building the design 'gkt_ipd_dp_msff_macro__stack_64c__width_6'. (HDL-193)
Presto compilation completed successfully.
Information: Building the design 'gkt_ipd_dp_buff_macro__dbuff_32x__rep_1__stack_none__width_4'. (HDL-193)
Presto compilation completed successfully.
Information: Building the design 'gkt_ipd_dp_buff_macro__dbuff_48x__rep_1__stack_64c__width_64'. (HDL-193)
Presto compilation completed successfully.
Information: Building the design 'gkt_ipd_dp_msff_macro__stack_64c__width_64'. (HDL-193)
Presto compilation completed successfully.
Information: Building the design 'gkt_ipd_dp_buff_macro__dbuff_48x__rep_1__stack_none__width_18'. (HDL-193)
Presto compilation completed successfully.
Information: Building the design 'gkt_ipd_dp_msff_macro__stack_64c__width_18'. (HDL-193)
Presto compilation completed successfully.
Information: Building the design 'gkt_ipd_dp_buff_macro__dbuff_32x__rep_1__stack_none__width_20'. (HDL-193)
Presto compilation completed successfully.
Information: Building the design 'gkt_ipd_dp_msff_macro__dmsff_8x__stack_64c__width_19'. (HDL-193)
Presto compilation completed successfully.
Information: Building the design 'gkt_ipd_dp_inv_macro__dinv_8x__stack_64c__width_1'. (HDL-193)
Presto compilation completed successfully.
Information: Building the design 'gkt_ipd_dp_nand_macro__dnand_16x__ports_2__stack_64c__width_9'. (HDL-193)
Presto compilation completed successfully.
Information: Building the design 'gkt_ipd_dp_inv_macro__dinv_48x__stack_64c__width_9'. (HDL-193)
Presto compilation completed successfully.
Information: Building the design 'gkt_ipd_dp_msff_macro__mux_aonpe__ports_2__stack_66c__width_66'. (HDL-193)
Presto compilation completed successfully.
Information: Building the design 'gkt_ipd_dp_msff_macro__mux_aonpe__ports_3__stack_66c__width_66'. (HDL-193)
Presto compilation completed successfully.
Information: Building the design 'gkt_ipd_dp_msff_macro__mux_aonpe__ports_2__stack_64c__width_64'. (HDL-193)
Presto compilation completed successfully.
Information: Building the design 'gkt_ipd_dp_msff_macro__mux_aonpe__ports_3__stack_64c__width_64'. (HDL-193)
Presto compilation completed successfully.
Information: Building the design 'gkt_ipd_dp_msff_macro__stack_66c__width_66'. (HDL-193)
Presto compilation completed successfully.
Information: Building the design 'gkt_ipd_dp_mux_macro__mux_aonpe__ports_8__stack_66c__width_66'. (HDL-193)
Presto compilation completed successfully.
Information: Building the design 'gkt_ipd_dp_buff_macro__stack_66c__width_40'. (HDL-193)
Presto compilation completed successfully.
Information: Building the design 'gkt_ipd_dp_msff_macro__stack_64c__width_1'. (HDL-193)
Presto compilation completed successfully.
Information: Building the design 'gkt_ipd_dp_inv_macro__stack_64c__width_1'. (HDL-193)
Presto compilation completed successfully.
Information: Building the design 'gkt_ipd_dp_nor_macro__stack_66c__width_1'. (HDL-193)
Presto compilation completed successfully.
Information: Building the design 'gkt_ipd_dp_xor_macro__ports_2__stack_66c__width_7'. (HDL-193)
Presto compilation completed successfully.
Information: Building the design 'gkt_ipd_dp_mux_macro__mux_aope__ports_2__stack_66c__width_7'. (HDL-193)
Presto compilation completed successfully.
Information: Building the design 'gkt_ipd_dp_mux_macro__mux_aonpe__ports_4__stack_64c__width_64'. (HDL-193)
Presto compilation completed successfully.
Information: Building the design 'gkt_ipd_dp_msff_macro__dmsff_8x__stack_66c__width_66'. (HDL-193)
Presto compilation completed successfully.
Information: Building the design 'gkt_ipd_dp_buff_macro__dbuff_32x__rep_1__stack_66c__width_66'. (HDL-193)
Presto compilation completed successfully.
Information: Building the design 'gkt_ipd_dp_buff_macro__stack_none__width_9'. (HDL-193)
Presto compilation completed successfully.
Information: Building the design 'gkt_ipd_dp_msff_macro__dmsff_8x__stack_64c__width_64'. (HDL-193)
Presto compilation completed successfully.
Information: Building the design 'gkt_ipd_dp_buff_macro__dbuff_32x__rep_1__stack_64c__width_64'. (HDL-193)
Presto compilation completed successfully.
Information: Building the design 'gkt_leg_ctl_spare_ctl_macro__flops_0__num_2'. (HDL-193)
Presto compilation completed successfully.
Information: Building the design 'cl_sc1_l1hdr_8x'. (HDL-193)
Presto compilation completed successfully.
Information: Building the design 'dff' instantiated from design 'gkt_ipc_ctl_msff_ctl_macro__width_1' with
	the parameters "1". (HDL-193)

Inferred memory devices in process
	in routine dff_SIZE1 line 1648 in file
		'/scratch0/linhai88/OST2/OST2.design/libs/cl/cl_rtl_ext.v'.
===============================================================================
|    Register Name    |   Type    | Width | Bus | MB | AR | AS | SR | SS | ST |
===============================================================================
|        q_reg        | Flip-flop |   1   |  N  | N  | N  | N  | N  | N  | N  |
===============================================================================
Presto compilation completed successfully.
Information: Building the design 'dff' instantiated from design 'gkt_ipc_ctl_msff_ctl_macro__width_5' with
	the parameters "5". (HDL-193)

Inferred memory devices in process
	in routine dff_SIZE5 line 1648 in file
		'/scratch0/linhai88/OST2/OST2.design/libs/cl/cl_rtl_ext.v'.
===============================================================================
|    Register Name    |   Type    | Width | Bus | MB | AR | AS | SR | SS | ST |
===============================================================================
|        q_reg        | Flip-flop |   5   |  Y  | N  | N  | N  | N  | N  | N  |
===============================================================================
Presto compilation completed successfully.
Information: Building the design 'dff' instantiated from design 'gkt_ipc_ctl_msff_ctl_macro__width_6' with
	the parameters "6". (HDL-193)

Inferred memory devices in process
	in routine dff_SIZE6 line 1648 in file
		'/scratch0/linhai88/OST2/OST2.design/libs/cl/cl_rtl_ext.v'.
===============================================================================
|    Register Name    |   Type    | Width | Bus | MB | AR | AS | SR | SS | ST |
===============================================================================
|        q_reg        | Flip-flop |   6   |  Y  | N  | N  | N  | N  | N  | N  |
===============================================================================
Presto compilation completed successfully.
Information: Building the design 'dff' instantiated from design 'gkt_ipc_ctl_msff_ctl_macro__width_9' with
	the parameters "9". (HDL-193)

Inferred memory devices in process
	in routine dff_SIZE9 line 1648 in file
		'/scratch0/linhai88/OST2/OST2.design/libs/cl/cl_rtl_ext.v'.
===============================================================================
|    Register Name    |   Type    | Width | Bus | MB | AR | AS | SR | SS | ST |
===============================================================================
|        q_reg        | Flip-flop |   9   |  Y  | N  | N  | N  | N  | N  | N  |
===============================================================================
Presto compilation completed successfully.
Information: Building the design 'dff' instantiated from design 'gkt_ipc_ctl_msff_ctl_macro__width_4' with
	the parameters "4". (HDL-193)

Inferred memory devices in process
	in routine dff_SIZE4 line 1648 in file
		'/scratch0/linhai88/OST2/OST2.design/libs/cl/cl_rtl_ext.v'.
===============================================================================
|    Register Name    |   Type    | Width | Bus | MB | AR | AS | SR | SS | ST |
===============================================================================
|        q_reg        | Flip-flop |   4   |  Y  | N  | N  | N  | N  | N  | N  |
===============================================================================
Presto compilation completed successfully.
Information: Building the design 'dff' instantiated from design 'gkt_ipc_ctl_msff_ctl_macro__width_13' with
	the parameters "13". (HDL-193)

Inferred memory devices in process
	in routine dff_SIZE13 line 1648 in file
		'/scratch0/linhai88/OST2/OST2.design/libs/cl/cl_rtl_ext.v'.
===============================================================================
|    Register Name    |   Type    | Width | Bus | MB | AR | AS | SR | SS | ST |
===============================================================================
|        q_reg        | Flip-flop |  13   |  Y  | N  | N  | N  | N  | N  | N  |
===============================================================================
Presto compilation completed successfully.
Information: Building the design 'dff' instantiated from design 'gkt_ipc_ctl_msff_ctl_macro__width_7' with
	the parameters "7". (HDL-193)

Inferred memory devices in process
	in routine dff_SIZE7 line 1648 in file
		'/scratch0/linhai88/OST2/OST2.design/libs/cl/cl_rtl_ext.v'.
===============================================================================
|    Register Name    |   Type    | Width | Bus | MB | AR | AS | SR | SS | ST |
===============================================================================
|        q_reg        | Flip-flop |   7   |  Y  | N  | N  | N  | N  | N  | N  |
===============================================================================
Presto compilation completed successfully.
Information: Building the design 'gkt_pqm_ctl_msff_ctl_macro__width_2'. (HDL-193)
Presto compilation completed successfully.
Information: Building the design 'cl_sc1_msff_8x'. (HDL-193)

Inferred memory devices in process
	in routine cl_sc1_msff_8x line 5100 in file
		'/scratch0/linhai88/OST2/OST2.design/libs/cl/cl_sc1/cl_sc1.behV'.
===============================================================================
|    Register Name    |   Type    | Width | Bus | MB | AR | AS | SR | SS | ST |
===============================================================================
|        q_reg        | Flip-flop |   1   |  N  | N  | N  | N  | N  | N  | N  |
===============================================================================
Presto compilation completed successfully.
Information: Building the design 'cl_u1_buf_32x'. (HDL-193)
Presto compilation completed successfully.
Information: Building the design 'cl_u1_nand3_8x'. (HDL-193)
Presto compilation completed successfully.
Information: Building the design 'cl_u1_inv_8x'. (HDL-193)
Presto compilation completed successfully.
Information: Building the design 'cl_u1_aoi22_4x'. (HDL-193)
Presto compilation completed successfully.
Information: Building the design 'cl_u1_buf_8x'. (HDL-193)
Presto compilation completed successfully.
Information: Building the design 'cl_u1_oai22_4x'. (HDL-193)
Presto compilation completed successfully.
Information: Building the design 'cl_u1_inv_16x'. (HDL-193)
Presto compilation completed successfully.
Information: Building the design 'cl_u1_nand2_16x'. (HDL-193)
Presto compilation completed successfully.
Information: Building the design 'cl_u1_nor3_4x'. (HDL-193)
Presto compilation completed successfully.
Information: Building the design 'cl_u1_nand2_8x'. (HDL-193)
Presto compilation completed successfully.
Information: Building the design 'cl_u1_buf_16x'. (HDL-193)
Presto compilation completed successfully.
Information: Building the design 'cl_u1_nor2_16x'. (HDL-193)
Presto compilation completed successfully.
Information: Building the design 'cl_u1_inv_32x'. (HDL-193)
Presto compilation completed successfully.
Information: Building the design 'cl_dp1_l1hdr_8x'. (HDL-193)
Presto compilation completed successfully.
Information: Building the design 'dff' instantiated from design 'gkt_ipd_dp_msff_macro__stack_66c__width_3' with
	the parameters "3". (HDL-193)

Inferred memory devices in process
	in routine dff_SIZE3 line 1648 in file
		'/scratch0/linhai88/OST2/OST2.design/libs/cl/cl_rtl_ext.v'.
===============================================================================
|    Register Name    |   Type    | Width | Bus | MB | AR | AS | SR | SS | ST |
===============================================================================
|        q_reg        | Flip-flop |   3   |  Y  | N  | N  | N  | N  | N  | N  |
===============================================================================
Presto compilation completed successfully.
Information: Building the design 'buff' instantiated from design 'gkt_ipd_dp_buff_macro__dbuff_16x__rep_1__stack_none__width_9' with
	the parameters "9". (HDL-193)
Presto compilation completed successfully.
Information: Building the design 'buff' instantiated from design 'gkt_ipd_dp_buff_macro__dbuff_16x__rep_1__stack_none__width_6' with
	the parameters "6". (HDL-193)
Presto compilation completed successfully.
Information: Building the design 'buff' instantiated from design 'gkt_ipd_dp_buff_macro__dbuff_32x__rep_1__stack_none__width_4' with
	the parameters "4". (HDL-193)
Presto compilation completed successfully.
Information: Building the design 'buff' instantiated from design 'gkt_ipd_dp_buff_macro__dbuff_48x__rep_1__stack_64c__width_64' with
	the parameters "64". (HDL-193)
Presto compilation completed successfully.
Information: Building the design 'dff' instantiated from design 'gkt_ipd_dp_msff_macro__stack_64c__width_64' with
	the parameters "64". (HDL-193)

Inferred memory devices in process
	in routine dff_SIZE64 line 1648 in file
		'/scratch0/linhai88/OST2/OST2.design/libs/cl/cl_rtl_ext.v'.
===============================================================================
|    Register Name    |   Type    | Width | Bus | MB | AR | AS | SR | SS | ST |
===============================================================================
|        q_reg        | Flip-flop |  64   |  Y  | N  | N  | N  | N  | N  | N  |
===============================================================================
Presto compilation completed successfully.
Information: Building the design 'buff' instantiated from design 'gkt_ipd_dp_buff_macro__dbuff_48x__rep_1__stack_none__width_18' with
	the parameters "18". (HDL-193)
Presto compilation completed successfully.
Information: Building the design 'dff' instantiated from design 'gkt_ipd_dp_msff_macro__stack_64c__width_18' with
	the parameters "18". (HDL-193)

Inferred memory devices in process
	in routine dff_SIZE18 line 1648 in file
		'/scratch0/linhai88/OST2/OST2.design/libs/cl/cl_rtl_ext.v'.
===============================================================================
|    Register Name    |   Type    | Width | Bus | MB | AR | AS | SR | SS | ST |
===============================================================================
|        q_reg        | Flip-flop |  18   |  Y  | N  | N  | N  | N  | N  | N  |
===============================================================================
Presto compilation completed successfully.
Information: Building the design 'buff' instantiated from design 'gkt_ipd_dp_buff_macro__dbuff_32x__rep_1__stack_none__width_20' with
	the parameters "20". (HDL-193)
Presto compilation completed successfully.
Information: Building the design 'dff' instantiated from design 'gkt_ipd_dp_msff_macro__dmsff_8x__stack_64c__width_19' with
	the parameters "19". (HDL-193)

Inferred memory devices in process
	in routine dff_SIZE19 line 1648 in file
		'/scratch0/linhai88/OST2/OST2.design/libs/cl/cl_rtl_ext.v'.
===============================================================================
|    Register Name    |   Type    | Width | Bus | MB | AR | AS | SR | SS | ST |
===============================================================================
|        q_reg        | Flip-flop |  19   |  Y  | N  | N  | N  | N  | N  | N  |
===============================================================================
Presto compilation completed successfully.
Information: Building the design 'inv' instantiated from design 'gkt_ipd_dp_inv_macro__dinv_8x__stack_64c__width_1' with
	the parameters "1". (HDL-193)
Presto compilation completed successfully.
Information: Building the design 'nand2' instantiated from design 'gkt_ipd_dp_nand_macro__dnand_16x__ports_2__stack_64c__width_9' with
	the parameters "9". (HDL-193)
Presto compilation completed successfully.
Information: Building the design 'inv' instantiated from design 'gkt_ipd_dp_inv_macro__dinv_48x__stack_64c__width_9' with
	the parameters "9". (HDL-193)
Presto compilation completed successfully.
Information: Building the design 'cl_dp1_muxbuff2_8x'. (HDL-193)
Presto compilation completed successfully.
Information: Building the design 'mux2s' instantiated from design 'gkt_ipd_dp_msff_macro__mux_aonpe__ports_2__stack_66c__width_66' with
	the parameters "66". (HDL-193)
Presto compilation completed successfully.
Information: Building the design 'dff' instantiated from design 'gkt_ipd_dp_msff_macro__mux_aonpe__ports_2__stack_66c__width_66' with
	the parameters "66". (HDL-193)

Inferred memory devices in process
	in routine dff_SIZE66 line 1648 in file
		'/scratch0/linhai88/OST2/OST2.design/libs/cl/cl_rtl_ext.v'.
===============================================================================
|    Register Name    |   Type    | Width | Bus | MB | AR | AS | SR | SS | ST |
===============================================================================
|        q_reg        | Flip-flop |  66   |  Y  | N  | N  | N  | N  | N  | N  |
===============================================================================
Presto compilation completed successfully.
Information: Building the design 'cl_dp1_muxbuff3_8x'. (HDL-193)
Presto compilation completed successfully.
Information: Building the design 'mux3s' instantiated from design 'gkt_ipd_dp_msff_macro__mux_aonpe__ports_3__stack_66c__width_66' with
	the parameters "66". (HDL-193)
Presto compilation completed successfully.
Information: Building the design 'mux2s' instantiated from design 'gkt_ipd_dp_msff_macro__mux_aonpe__ports_2__stack_64c__width_64' with
	the parameters "64". (HDL-193)
Presto compilation completed successfully.
Information: Building the design 'mux3s' instantiated from design 'gkt_ipd_dp_msff_macro__mux_aonpe__ports_3__stack_64c__width_64' with
	the parameters "64". (HDL-193)
Presto compilation completed successfully.
Information: Building the design 'cl_dp1_muxbuff8_8x'. (HDL-193)
Presto compilation completed successfully.
Information: Building the design 'mux8s' instantiated from design 'gkt_ipd_dp_mux_macro__mux_aonpe__ports_8__stack_66c__width_66' with
	the parameters "66". (HDL-193)
Presto compilation completed successfully.
Information: Building the design 'buff' instantiated from design 'gkt_ipd_dp_buff_macro__stack_66c__width_40' with
	the parameters "40". (HDL-193)
Presto compilation completed successfully.
Information: Building the design 'nor2' instantiated from design 'gkt_ipd_dp_nor_macro__stack_66c__width_1' with
	the parameters "1". (HDL-193)
Presto compilation completed successfully.
Information: Building the design 'xor2' instantiated from design 'gkt_ipd_dp_xor_macro__ports_2__stack_66c__width_7' with
	the parameters "7". (HDL-193)
Presto compilation completed successfully.
Information: Building the design 'cl_dp1_penc2_8x'. (HDL-193)
Presto compilation completed successfully.
Information: Building the design 'mux2s' instantiated from design 'gkt_ipd_dp_mux_macro__mux_aope__ports_2__stack_66c__width_7' with
	the parameters "7". (HDL-193)
Presto compilation completed successfully.
Information: Building the design 'cl_dp1_muxbuff4_8x'. (HDL-193)
Presto compilation completed successfully.
Information: Building the design 'mux4s' instantiated from design 'gkt_ipd_dp_mux_macro__mux_aonpe__ports_4__stack_64c__width_64' with
	the parameters "64". (HDL-193)
Presto compilation completed successfully.
Information: Building the design 'buff' instantiated from design 'gkt_ipd_dp_buff_macro__dbuff_32x__rep_1__stack_66c__width_66' with
	the parameters "66". (HDL-193)
Presto compilation completed successfully.
Information: Building the design 'dff' instantiated from design 'gkt_pqm_ctl_msff_ctl_macro__width_2' with
	the parameters "2". (HDL-193)

Inferred memory devices in process
	in routine dff_SIZE2 line 1648 in file
		'/scratch0/linhai88/OST2/OST2.design/libs/cl/cl_rtl_ext.v'.
===============================================================================
|    Register Name    |   Type    | Width | Bus | MB | AR | AS | SR | SS | ST |
===============================================================================
|        q_reg        | Flip-flop |   2   |  Y  | N  | N  | N  | N  | N  | N  |
===============================================================================
Presto compilation completed successfully.
1
#####
if {[info exists mix_files] && ($mix_files != {}) } {
   foreach mix_file $mix_files {
      set index_beg [expr {[string last "/" $mix_file] + 1}]
      set mix_file_name [string range $mix_file $index_beg end]
      read_file -format verilog -define RUNDC gate/${mix_file_name}.exp
   }
}
set design_list [list]
foreach_in_collection design_object [get_designs] {
   set design_name [get_object_name $design_object]
   lappend design_list $design_name
}
sh date
Fri Aug  2 18:08:45 PDT 2013
current_design $top_module
Current design is 'gkt'.
{gkt}
echo $top_module
gkt
if {[get_designs -hier $dont_touch_modules] != {}} {
   set_dont_touch $dont_touch_modules
}
set dc_shell_status [ link ]

  Linking design 'gkt'
  Using the following designs and libraries:
  --------------------------------------------------------------------------
  * (102 designs)             /rsgs/scratch0/linhai88/OST2/OST2.design/design/sys/iop/spc/gkt/synopsys/gkt.db, etc
  lsi_10k (library)           /cad/synopsys/dc_shell/G-2012.06-SP5-1/libraries/syn/lsi_10k.db
  dw_foundation.sldb (library) /cad/synopsys/dc_shell/G-2012.06-SP5-1/libraries/syn/dw_foundation.sldb

1
if {$dc_shell_status == 0} {
   echo "****************************************************"
   echo "* ERROR!!!! Failed to Link...exiting prematurely.  *"
   echo "****************************************************"
   quit
}
###########################################################################
# 3. Set up design constraints
###########################################################################
current_design $top_module
Current design is 'gkt'.
{gkt}
echo $top_module
gkt
set clk_name_list [list]
set ideal_inputs [list]
foreach clk_spec $clk_list {
   set listcnt 0
   set clk_port_pin {}
   set clk_name {}
   set clk_freq 0.0
   set setup_skew $default_setup_skew
   set hold_skew  $default_hold_skew
   set clock_transition  $default_clk_transition
   set clk_is_port 1
   foreach element $clk_spec {
      if {$listcnt == 0} {
         set clk_port_pin $element
         set clk_name $element
      }
      if {$listcnt == 1} {
         set clk_freq $element
      }
      if {$listcnt == 2} {
         set setup_skew $element
      }
      if {$listcnt == 3} {
         set hold_skew $element
      }
      if {$listcnt == 4} {
         set clock_transition $element
      }
      if {$listcnt == 5} {
         set clk_name $element
         set clk_is_port 0
      }
      set listcnt [expr $listcnt + 1]
   }
   if {$clk_is_port == 1} {
      set clk_exists [sizeof_collection [find port $clk_port_pin]]
   } else {
      set clk_exists [sizeof_collection [find pin $clk_port_pin]]
   }
   if {$clk_exists != 0} {
      set clk_period [expr 1000.0 / $clk_freq / 1.0]
      set high_time [expr $clk_period / 2.0]
      create_clock $clk_port_pin -period $clk_period -waveform [list 0 $high_time] -name $clk_name
      set_clock_uncertainty -setup $setup_skew [find clock $clk_name]
      set_clock_uncertainty -hold $hold_skew [find clock $clk_name]
      set_clock_transition $clock_transition [find clock $clk_name]
      set_dont_touch_network $clk_name
      if {$clk_is_port == 1} {
         set_drive 0.0 $clk_name
         lappend ideal_inputs $clk_name
      }
      set clk_name_list [concat  $clk_name_list $clk_name]
   }
}
if {$clk_name_list == {} } {
   echo "\[WARNING\] No clock is defined,create a virtual one -- $default_clk..."
   set clk_name $default_clk
   set clk_freq $default_clk_freq
   set clk_period [expr 1000.0 / $clk_freq / 1.0]
   set high_time [expr $clk_period / 2.0]
   set setup_skew $default_setup_skew
   set hold_skew  $default_hold_skew
   set clock_transition  $default_clk_transition
   create_clock -name $clk_name -period $clk_period -waveform [list 0 $high_time]
   set_clock_uncertainty -setup $setup_skew $clk_name
   set_clock_uncertainty -hold $hold_skew $clk_name
}
set non_ideal_inputs [list]
foreach_in_collection input_object [all_inputs] {
   set input_name [get_object_name $input_object]
   set input_is_ideal [lsearch -exact $ideal_net_list $input_name]
   if {$input_is_ideal == -1} {
      lappend non_ideal_inputs $input_name
   } else {
      lappend ideal_inputs $input_name
   }
}
echo $ideal_inputs
l2clk
echo $non_ideal_inputs
tcu_scan_en tcu_se_scancollar_out lbist_run l2clk scan_in tcu_pce_ov core_isolate spc_aclk spc_bclk slow_cmp_sync_en {const_cpuid[2]} {const_cpuid[1]} {const_cpuid[0]} lsu_gkt_pmen ifu_l15_valid mmu_l15_valid lsu_l15_valid spu_l15_valid lsu_l15_lock {ifu_l15_addr[39]} {ifu_l15_addr[38]} {ifu_l15_addr[37]} {ifu_l15_addr[36]} {ifu_l15_addr[35]} {ifu_l15_addr[34]} {ifu_l15_addr[33]} {ifu_l15_addr[32]} {ifu_l15_addr[31]} {ifu_l15_addr[30]} {ifu_l15_addr[29]} {ifu_l15_addr[28]} {ifu_l15_addr[27]} {ifu_l15_addr[26]} {ifu_l15_addr[25]} {ifu_l15_addr[24]} {ifu_l15_addr[23]} {ifu_l15_addr[22]} {ifu_l15_addr[21]} {ifu_l15_addr[20]} {ifu_l15_addr[19]} {ifu_l15_addr[18]} {ifu_l15_addr[17]} {ifu_l15_addr[16]} {ifu_l15_addr[15]} {ifu_l15_addr[14]} {ifu_l15_addr[13]} {ifu_l15_addr[12]} {ifu_l15_addr[11]} {ifu_l15_addr[10]} {ifu_l15_addr[9]} {ifu_l15_addr[8]} {ifu_l15_addr[7]} {ifu_l15_addr[6]} {ifu_l15_addr[5]} {ifu_l15_addr[4]} {ifu_l15_addr[3]} {ifu_l15_addr[2]} {ifu_l15_addr[1]} {ifu_l15_addr[0]} {mmu_l15_addr[39]} {mmu_l15_addr[38]} {mmu_l15_addr[37]} {mmu_l15_addr[36]} {mmu_l15_addr[35]} {mmu_l15_addr[34]} {mmu_l15_addr[33]} {mmu_l15_addr[32]} {mmu_l15_addr[31]} {mmu_l15_addr[30]} {mmu_l15_addr[29]} {mmu_l15_addr[28]} {mmu_l15_addr[27]} {mmu_l15_addr[26]} {mmu_l15_addr[25]} {mmu_l15_addr[24]} {mmu_l15_addr[23]} {mmu_l15_addr[22]} {mmu_l15_addr[21]} {mmu_l15_addr[20]} {mmu_l15_addr[19]} {mmu_l15_addr[18]} {mmu_l15_addr[17]} {mmu_l15_addr[16]} {mmu_l15_addr[15]} {mmu_l15_addr[14]} {mmu_l15_addr[13]} {mmu_l15_addr[12]} {mmu_l15_addr[11]} {mmu_l15_addr[10]} {mmu_l15_addr[9]} {mmu_l15_addr[8]} {mmu_l15_addr[7]} {mmu_l15_addr[6]} {mmu_l15_addr[5]} {mmu_l15_addr[4]} {lsu_l15_addr[39]} {lsu_l15_addr[38]} {lsu_l15_addr[37]} {lsu_l15_addr[36]} {lsu_l15_addr[35]} {lsu_l15_addr[34]} {lsu_l15_addr[33]} {lsu_l15_addr[32]} {lsu_l15_addr[31]} {lsu_l15_addr[30]} {lsu_l15_addr[29]} {lsu_l15_addr[28]} {lsu_l15_addr[27]} {lsu_l15_addr[26]} {lsu_l15_addr[25]} {lsu_l15_addr[24]} {lsu_l15_addr[23]} {lsu_l15_addr[22]} {lsu_l15_addr[21]} {lsu_l15_addr[20]} {lsu_l15_addr[19]} {lsu_l15_addr[18]} {lsu_l15_addr[17]} {lsu_l15_addr[16]} {lsu_l15_addr[15]} {lsu_l15_addr[14]} {lsu_l15_addr[13]} {lsu_l15_addr[12]} {lsu_l15_addr[11]} {lsu_l15_addr[10]} {lsu_l15_addr[9]} {lsu_l15_addr[8]} {lsu_l15_addr[7]} {lsu_l15_addr[6]} {lsu_l15_addr[5]} {lsu_l15_addr[4]} {lsu_l15_addr[3]} {lsu_l15_addr[2]} {lsu_l15_addr[1]} {lsu_l15_addr[0]} {spu_l15_addr[38]} {spu_l15_addr[37]} {spu_l15_addr[36]} {spu_l15_addr[35]} {spu_l15_addr[34]} {spu_l15_addr[33]} {spu_l15_addr[32]} {spu_l15_addr[31]} {spu_l15_addr[30]} {spu_l15_addr[29]} {spu_l15_addr[28]} {spu_l15_addr[27]} {spu_l15_addr[26]} {spu_l15_addr[25]} {spu_l15_addr[24]} {spu_l15_addr[23]} {spu_l15_addr[22]} {spu_l15_addr[21]} {spu_l15_addr[20]} {spu_l15_addr[19]} {spu_l15_addr[18]} {spu_l15_addr[17]} {spu_l15_addr[16]} {spu_l15_addr[15]} {spu_l15_addr[14]} {spu_l15_addr[13]} {spu_l15_addr[12]} {spu_l15_addr[11]} {spu_l15_addr[10]} {spu_l15_addr[9]} {spu_l15_addr[8]} {spu_l15_addr[7]} {spu_l15_addr[6]} {spu_l15_addr[5]} {spu_l15_addr[4]} {spu_l15_addr[3]} {ifu_l15_cpkt[7]} {ifu_l15_cpkt[6]} {ifu_l15_cpkt[5]} {ifu_l15_cpkt[4]} {ifu_l15_cpkt[3]} {ifu_l15_cpkt[2]} {ifu_l15_cpkt[1]} {ifu_l15_cpkt[0]} {mmu_l15_cpkt[4]} {mmu_l15_cpkt[3]} {mmu_l15_cpkt[2]} {mmu_l15_cpkt[1]} {mmu_l15_cpkt[0]} {lsu_l15_cpkt[25]} {lsu_l15_cpkt[24]} {lsu_l15_cpkt[23]} {lsu_l15_cpkt[22]} {lsu_l15_cpkt[21]} {lsu_l15_cpkt[20]} {lsu_l15_cpkt[19]} {lsu_l15_cpkt[18]} {lsu_l15_cpkt[17]} {lsu_l15_cpkt[16]} {lsu_l15_cpkt[15]} {lsu_l15_cpkt[14]} {lsu_l15_cpkt[13]} {lsu_l15_cpkt[12]} {lsu_l15_cpkt[11]} {lsu_l15_cpkt[10]} {lsu_l15_cpkt[9]} {lsu_l15_cpkt[8]} {lsu_l15_cpkt[7]} {lsu_l15_cpkt[6]} {lsu_l15_cpkt[5]} {lsu_l15_cpkt[4]} {lsu_l15_cpkt[3]} {lsu_l15_cpkt[2]} {lsu_l15_cpkt[1]} {lsu_l15_cpkt[0]} {spu_l15_cpkt[12]} {spu_l15_cpkt[11]} {spu_l15_cpkt[10]} {spu_l15_cpkt[9]} {spu_l15_cpkt[8]} {spu_l15_cpkt[7]} {spu_l15_cpkt[6]} {spu_l15_cpkt[5]} {spu_l15_cpkt[4]} {spu_l15_cpkt[3]} {spu_l15_cpkt[2]} {spu_l15_cpkt[1]} {spu_l15_cpkt[0]} {lsu_l15_data[63]} {lsu_l15_data[62]} {lsu_l15_data[61]} {lsu_l15_data[60]} {lsu_l15_data[59]} {lsu_l15_data[58]} {lsu_l15_data[57]} {lsu_l15_data[56]} {lsu_l15_data[55]} {lsu_l15_data[54]} {lsu_l15_data[53]} {lsu_l15_data[52]} {lsu_l15_data[51]} {lsu_l15_data[50]} {lsu_l15_data[49]} {lsu_l15_data[48]} {lsu_l15_data[47]} {lsu_l15_data[46]} {lsu_l15_data[45]} {lsu_l15_data[44]} {lsu_l15_data[43]} {lsu_l15_data[42]} {lsu_l15_data[41]} {lsu_l15_data[40]} {lsu_l15_data[39]} {lsu_l15_data[38]} {lsu_l15_data[37]} {lsu_l15_data[36]} {lsu_l15_data[35]} {lsu_l15_data[34]} {lsu_l15_data[33]} {lsu_l15_data[32]} {lsu_l15_data[31]} {lsu_l15_data[30]} {lsu_l15_data[29]} {lsu_l15_data[28]} {lsu_l15_data[27]} {lsu_l15_data[26]} {lsu_l15_data[25]} {lsu_l15_data[24]} {lsu_l15_data[23]} {lsu_l15_data[22]} {lsu_l15_data[21]} {lsu_l15_data[20]} {lsu_l15_data[19]} {lsu_l15_data[18]} {lsu_l15_data[17]} {lsu_l15_data[16]} {lsu_l15_data[15]} {lsu_l15_data[14]} {lsu_l15_data[13]} {lsu_l15_data[12]} {lsu_l15_data[11]} {lsu_l15_data[10]} {lsu_l15_data[9]} {lsu_l15_data[8]} {lsu_l15_data[7]} {lsu_l15_data[6]} {lsu_l15_data[5]} {lsu_l15_data[4]} {lsu_l15_data[3]} {lsu_l15_data[2]} {lsu_l15_data[1]} {lsu_l15_data[0]} {spu_l15_data[63]} {spu_l15_data[62]} {spu_l15_data[61]} {spu_l15_data[60]} {spu_l15_data[59]} {spu_l15_data[58]} {spu_l15_data[57]} {spu_l15_data[56]} {spu_l15_data[55]} {spu_l15_data[54]} {spu_l15_data[53]} {spu_l15_data[52]} {spu_l15_data[51]} {spu_l15_data[50]} {spu_l15_data[49]} {spu_l15_data[48]} {spu_l15_data[47]} {spu_l15_data[46]} {spu_l15_data[45]} {spu_l15_data[44]} {spu_l15_data[43]} {spu_l15_data[42]} {spu_l15_data[41]} {spu_l15_data[40]} {spu_l15_data[39]} {spu_l15_data[38]} {spu_l15_data[37]} {spu_l15_data[36]} {spu_l15_data[35]} {spu_l15_data[34]} {spu_l15_data[33]} {spu_l15_data[32]} {spu_l15_data[31]} {spu_l15_data[30]} {spu_l15_data[29]} {spu_l15_data[28]} {spu_l15_data[27]} {spu_l15_data[26]} {spu_l15_data[25]} {spu_l15_data[24]} {spu_l15_data[23]} {spu_l15_data[22]} {spu_l15_data[21]} {spu_l15_data[20]} {spu_l15_data[19]} {spu_l15_data[18]} {spu_l15_data[17]} {spu_l15_data[16]} {spu_l15_data[15]} {spu_l15_data[14]} {spu_l15_data[13]} {spu_l15_data[12]} {spu_l15_data[11]} {spu_l15_data[10]} {spu_l15_data[9]} {spu_l15_data[8]} {spu_l15_data[7]} {spu_l15_data[6]} {spu_l15_data[5]} {spu_l15_data[4]} {spu_l15_data[3]} {spu_l15_data[2]} {spu_l15_data[1]} {spu_l15_data[0]} ncu_spc_pm ncu_spc_ba01 ncu_spc_ba23 ncu_spc_ba45 ncu_spc_ba67 ncu_spc_l2_idx_hash_en {cpx_spc_data_cx[145]} {cpx_spc_data_cx[144]} {cpx_spc_data_cx[143]} {cpx_spc_data_cx[142]} {cpx_spc_data_cx[141]} {cpx_spc_data_cx[140]} {cpx_spc_data_cx[139]} {cpx_spc_data_cx[138]} {cpx_spc_data_cx[137]} {cpx_spc_data_cx[136]} {cpx_spc_data_cx[135]} {cpx_spc_data_cx[134]} {cpx_spc_data_cx[133]} {cpx_spc_data_cx[132]} {cpx_spc_data_cx[131]} {cpx_spc_data_cx[130]} {cpx_spc_data_cx[129]} {cpx_spc_data_cx[128]} {cpx_spc_data_cx[127]} {cpx_spc_data_cx[126]} {cpx_spc_data_cx[125]} {cpx_spc_data_cx[124]} {cpx_spc_data_cx[123]} {cpx_spc_data_cx[122]} {cpx_spc_data_cx[121]} {cpx_spc_data_cx[120]} {cpx_spc_data_cx[119]} {cpx_spc_data_cx[118]} {cpx_spc_data_cx[117]} {cpx_spc_data_cx[116]} {cpx_spc_data_cx[115]} {cpx_spc_data_cx[114]} {cpx_spc_data_cx[113]} {cpx_spc_data_cx[112]} {cpx_spc_data_cx[111]} {cpx_spc_data_cx[110]} {cpx_spc_data_cx[109]} {cpx_spc_data_cx[108]} {cpx_spc_data_cx[107]} {cpx_spc_data_cx[106]} {cpx_spc_data_cx[105]} {cpx_spc_data_cx[104]} {cpx_spc_data_cx[103]} {cpx_spc_data_cx[102]} {cpx_spc_data_cx[101]} {cpx_spc_data_cx[100]} {cpx_spc_data_cx[99]} {cpx_spc_data_cx[98]} {cpx_spc_data_cx[97]} {cpx_spc_data_cx[96]} {cpx_spc_data_cx[95]} {cpx_spc_data_cx[94]} {cpx_spc_data_cx[93]} {cpx_spc_data_cx[92]} {cpx_spc_data_cx[91]} {cpx_spc_data_cx[90]} {cpx_spc_data_cx[89]} {cpx_spc_data_cx[88]} {cpx_spc_data_cx[87]} {cpx_spc_data_cx[86]} {cpx_spc_data_cx[85]} {cpx_spc_data_cx[84]} {cpx_spc_data_cx[83]} {cpx_spc_data_cx[82]} {cpx_spc_data_cx[81]} {cpx_spc_data_cx[80]} {cpx_spc_data_cx[79]} {cpx_spc_data_cx[78]} {cpx_spc_data_cx[77]} {cpx_spc_data_cx[76]} {cpx_spc_data_cx[75]} {cpx_spc_data_cx[74]} {cpx_spc_data_cx[73]} {cpx_spc_data_cx[72]} {cpx_spc_data_cx[71]} {cpx_spc_data_cx[70]} {cpx_spc_data_cx[69]} {cpx_spc_data_cx[68]} {cpx_spc_data_cx[67]} {cpx_spc_data_cx[66]} {cpx_spc_data_cx[65]} {cpx_spc_data_cx[64]} {cpx_spc_data_cx[63]} {cpx_spc_data_cx[62]} {cpx_spc_data_cx[61]} {cpx_spc_data_cx[60]} {cpx_spc_data_cx[59]} {cpx_spc_data_cx[58]} {cpx_spc_data_cx[57]} {cpx_spc_data_cx[56]} {cpx_spc_data_cx[55]} {cpx_spc_data_cx[54]} {cpx_spc_data_cx[53]} {cpx_spc_data_cx[52]} {cpx_spc_data_cx[51]} {cpx_spc_data_cx[50]} {cpx_spc_data_cx[49]} {cpx_spc_data_cx[48]} {cpx_spc_data_cx[47]} {cpx_spc_data_cx[46]} {cpx_spc_data_cx[45]} {cpx_spc_data_cx[44]} {cpx_spc_data_cx[43]} {cpx_spc_data_cx[42]} {cpx_spc_data_cx[41]} {cpx_spc_data_cx[40]} {cpx_spc_data_cx[39]} {cpx_spc_data_cx[38]} {cpx_spc_data_cx[37]} {cpx_spc_data_cx[36]} {cpx_spc_data_cx[35]} {cpx_spc_data_cx[34]} {cpx_spc_data_cx[33]} {cpx_spc_data_cx[32]} {cpx_spc_data_cx[31]} {cpx_spc_data_cx[30]} {cpx_spc_data_cx[29]} {cpx_spc_data_cx[28]} {cpx_spc_data_cx[27]} {cpx_spc_data_cx[26]} {cpx_spc_data_cx[25]} {cpx_spc_data_cx[24]} {cpx_spc_data_cx[23]} {cpx_spc_data_cx[22]} {cpx_spc_data_cx[21]} {cpx_spc_data_cx[20]} {cpx_spc_data_cx[19]} {cpx_spc_data_cx[18]} {cpx_spc_data_cx[17]} {cpx_spc_data_cx[16]} {cpx_spc_data_cx[15]} {cpx_spc_data_cx[14]} {cpx_spc_data_cx[13]} {cpx_spc_data_cx[12]} {cpx_spc_data_cx[11]} {cpx_spc_data_cx[10]} {cpx_spc_data_cx[9]} {cpx_spc_data_cx[8]} {cpx_spc_data_cx[7]} {cpx_spc_data_cx[6]} {cpx_spc_data_cx[5]} {cpx_spc_data_cx[4]} {cpx_spc_data_cx[3]} {cpx_spc_data_cx[2]} {cpx_spc_data_cx[1]} {cpx_spc_data_cx[0]} {pcx_spc_grant_px[8]} {pcx_spc_grant_px[7]} {pcx_spc_grant_px[6]} {pcx_spc_grant_px[5]} {pcx_spc_grant_px[4]} {pcx_spc_grant_px[3]} {pcx_spc_grant_px[2]} {pcx_spc_grant_px[1]} {pcx_spc_grant_px[0]}
set_input_delay $default_input_delay -clock $clk_name $non_ideal_inputs
1
set_output_delay $default_output_delay -clock $clk_name [all_outputs]
1
if {$clk_name_list != {} } {
   group_path -name "reg2reg" -critical_range $critical_range -from [ all_registers -clock_pins ] -to [ all_registers -data_pins ]
   group_path -name "in2reg"  -from $non_ideal_inputs -to [ all_registers -data_pins ]
   group_path -name "reg2out" -from [ all_registers -clock_pins ] -to [all_outputs]
}
Information: Checking out the license 'DesignWare'. (SEC-104)
1
group_path -name "in2out"  -from $non_ideal_inputs -to [all_outputs]
1
if {[info exists false_path_list] && ($false_path_list != {}) } {
        set_false_path -through $false_path_list
}
if {[info exists enforce_input_fanout_one] && ($enforce_input_fanout_one  == 1)} {
   set_max_fanout 1 $non_ideal_inputs
}
# Load custom constraint file for the unit
# This will overwrite the default constraints
###########################################################################
# 4. More constraints and setup before compile
###########################################################################
# This is to prevent assign statements from generated in the netlist
# Certain rtl coding conventions need to be followed. For IO blocks only 
# write_name_nets_same_as_ports
if {[info exists project_io_cfg] && ($project_io_cfg == 1) } {
   foreach_in_collection design [ get_designs "*" ] {
      current_design $design
      set_fix_multiple_port_nets -outputs -feedthroughs 
   }
   current_design $top_module
}
# Check timing constraints
###########################################################################
# 5. Compile
###########################################################################
# Disable cells that we don't want to use in the library
if {$dont_use_cells != 0} {
   if {[info exists my_dont_use_cell_list] && ($my_dont_use_cell_list != {}) } {
      set dont_use_cell_list [concat $dont_use_cell_list $my_dont_use_cell_list]
   }
   foreach dont_use_cell $dont_use_cell_list {
      set_dont_use [find lib_cell $dont_use_cell]
   }
}
sh date
Fri Aug  2 18:08:46 PDT 2013
sh uptime
 18:08:46 up 7 days, 17:12,  4 users,  load average: 2.34, 2.19, 2.00
# Don't remove sequential cells with constant outputs
set compile_seqmap_propagate_constants false
false
# Switch off the dont_touch attribute globally for set_size_only cells
set dont_touch_nets_with_size_only_cells false
false
## Source user compile options
#if set to 1, the whole design will be flattened. default 1 for cmp
if {[info exists compile_flatten_all] && ($compile_flatten_all  == 1)} {
      ungroup -flatten -all
   }
Information: Updating graph... (UID-83)
1
# compile !!
if {[info exists project_io_cfg] && ($project_io_cfg == 1) } {
      set dc_shell_status [ compile -boundary_optimization -exact_map -map_effort $compile_effort ]
   }
if {[info exists project_sparc_cfg] && ($project_sparc_cfg == 1) } {
      if {[info exists use_physopt] && ($use_physopt == 1)} {
         set_fix_multiple_port_nets -all -buffer_constants
      }
      set dc_shell_status [ compile -boundary_optimization -exact_map -map_effort $compile_effort ]
   }
Information: Evaluating DesignWare library utilization. (UISN-27)

============================================================================
| DesignWare Building Block Library  |         Version         | Available |
============================================================================
| Basic DW Building Blocks           | G-2012.06-DWBB_201206.4 |     *     |
| Licensed DW Building Blocks        | G-2012.06-DWBB_201206.4 |     *     |
============================================================================


Information: There are 388 potential problems in your design. Please run 'check_design' for more information. (LINT-99)



  Beginning Pass 1 Mapping
  ------------------------
  Processing 'gkt'
Information: The register 'ipc/spares/spare4_flop/q_reg' will be removed. (OPT-1207)
Information: The register 'ipc/spares/spare3_flop/q_reg' will be removed. (OPT-1207)
Information: The register 'ipc/spares/spare2_flop/q_reg' will be removed. (OPT-1207)
Information: The register 'ipc/spares/spare1_flop/q_reg' will be removed. (OPT-1207)
Information: The register 'ipc/spares/spare0_flop/q_reg' will be removed. (OPT-1207)

  Updating timing information
Information: Updating design information... (UID-85)

  Beginning Mapping Optimizations  (Medium effort)
  -------------------------------

                                  TOTAL                                      
   ELAPSED            WORST NEG   SETUP    DESIGN                            
    TIME      AREA      SLACK     COST    RULE COST         ENDPOINT         
  --------- --------- --------- --------- --------- -------------------------
    0:00:07   25544.0      0.19       3.3       0.0                          
    0:00:07   25544.0      0.19       3.3       0.0                          
    0:00:07   25544.0      0.19       3.3       0.0                          
    0:00:07   25544.0      0.19       3.3       0.0                          
    0:00:07   25544.0      0.19       3.3       0.0                          
    0:00:07   25544.0      0.19       3.3       0.0                          
    0:00:10   19400.0      0.19       3.3       0.0                          
    0:00:10   19400.0      0.19       3.3       0.0                          
    0:00:10   19400.0      0.19       3.3       0.0                          
    0:00:10   19400.0      0.19       3.3       0.0                          
    0:00:10   19400.0      0.19       3.3       0.0                          
    0:00:10   19400.0      0.19       3.3       0.0                          
    0:00:10   19400.0      0.19       3.3       0.0                          
    0:00:10   19400.0      0.19       3.3       0.0                          
    0:00:10   19400.0      0.19       3.3       0.0                          



  Beginning Delay Optimization Phase
  ----------------------------------

                                  TOTAL                                      
   ELAPSED            WORST NEG   SETUP    DESIGN                            
    TIME      AREA      SLACK     COST    RULE COST         ENDPOINT         
  --------- --------- --------- --------- --------- -------------------------
    0:00:10   19400.0      0.19       3.3       0.0                          
    0:00:10   19396.0      0.19       3.3       0.0                          
    0:00:10   19396.0      0.19       3.3       0.0                          


  Beginning Critical Range Optimization
  -------------------------------------

                                  TOTAL                                      
   ELAPSED            WORST NEG   SETUP    DESIGN                            
    TIME      AREA      SLACK     COST    RULE COST         ENDPOINT         
  --------- --------- --------- --------- --------- -------------------------
    0:00:10   19396.0      0.19       3.3       0.0                          


  Beginning Area-Recovery Phase  (cleanup)
  -----------------------------

                                  TOTAL                                      
   ELAPSED            WORST NEG   SETUP    DESIGN                            
    TIME      AREA      SLACK     COST    RULE COST         ENDPOINT         
  --------- --------- --------- --------- --------- -------------------------
    0:00:10   19396.0      0.19       3.3       0.0                          
    0:00:10   19396.0      0.19       3.3       0.0                          
    0:00:10   19396.0      0.19       3.3       0.0                          
    0:00:10   18895.0      0.19       3.3       0.0                          
    0:00:10   18850.0      0.19       3.3       0.0                          
    0:00:10   18835.0      0.19       3.3       0.0                          
    0:00:10   18828.0      0.19       3.3       0.0                          
    0:00:10   18826.0      0.19       3.3       0.0                          
    0:00:10   18826.0      0.19       3.3       0.0                          
    0:00:10   18826.0      0.19       3.3       0.0                          
    0:00:10   18826.0      0.19       3.3       0.0                          
    0:00:10   18826.0      0.19       3.3       0.0                          
    0:00:10   18826.0      0.19       3.3       0.0                          
    0:00:10   18826.0      0.19       3.3       0.0                          
    0:00:10   18826.0      0.19       3.3       0.0                          
    0:00:10   18826.0      0.19       3.3       0.0                          
    0:00:10   18826.0      0.19       3.3       0.0                          
    0:00:10   18826.0      0.19       3.3       0.0                          


  Beginning Critical Range Optimization
  -------------------------------------

                                  TOTAL                                      
   ELAPSED            WORST NEG   SETUP    DESIGN                            
    TIME      AREA      SLACK     COST    RULE COST         ENDPOINT         
  --------- --------- --------- --------- --------- -------------------------
    0:00:10   18826.0      0.19       3.3       0.0                          
    0:00:10   18826.0      0.19       3.3       0.0                          
Loading db file '/cad/synopsys/dc_shell/G-2012.06-SP5-1/libraries/syn/lsi_10k.db'

  Optimization Complete
  ---------------------
1
if {$dc_shell_status == 0} {
      echo "*******************************************************"
      echo "* ERROR!!!! Failed to compile...exiting prematurely.  *"
      echo "*******************************************************"
      quit
   }
sh date
Fri Aug  2 18:08:58 PDT 2013
###########################################################################
# 6. Insert Scan - Hook up the scan chain.
###########################################################################
if {[info exists use_physopt] && ($use_physopt == 1)} {
   set skip_scan 1
}
if {[info exists skip_scan] && ($skip_scan == 1)} {
   ######  skip section 5e. 
} else {

current_design $top_module

## Tell DC the design is "scan ready"
## We do this because we already instantiate scan flops in the rtl
set_attribute $top_module is_test_ready true -type boolean
foreach_in_collection design_object [get_designs] {
   current_design $design_object
   # make sure the module has FFs in it to prevent warning messages
   if { [all_registers] != {} } {
      set_attribute [all_registers] scanned_by_test_compiler true -type boolean
   }
}

current_design $top_module


# Tell DC not to optimize away spare FF's 
set compile_delete_unloaded_sequential_cells false

# Disable cells that we don't want to use in the library
if {$dont_use_cells != 0} {
   foreach dont_use_cell $dont_use_cell_list {
      set_dont_use [find lib_cell $dont_use_cell]
   }
}

# Insert scan chain with number of chains specified by user
# Allow scan chain to hook up flops clocked by different clocks
# Add lockup latches between clock domains
set_scan_configuration -add_lockup $add_lockup_latch -chain_count $chain_count -clock_mixing mix_clocks

# This should prevent assign statements from generated in the netlist
# at the cost of extra compile time. For cmp only 
if {[info exists project_sparc_cfg] && ($project_sparc_cfg == 1) } {
   foreach_in_collection design [ get_designs "*" ] {
      current_design $design
      set_fix_multiple_port_nets -all -buffer_constants
   }

   current_design $top_module

   # allow_outport_drive_innodes is used by sparc units but not IO units
   # set this switch to 0 to make sure output port doesn't driving internal nodes
   if {[info exists allow_outport_drive_innodes] && ($allow_outport_drive_innodes == 0)} {
      set_isolate_ports -type inverter [all_outputs]
   }

   current_design $top_module
   compile -inc
}


### section 5e. will be skipped if user want to use PC flow
}
Current design is 'gkt'.
Current design is 'gkt'.
Information: Attribute 'scanned_by_test_compiler' is set on 1746 objects. (UID-186)
Current design is 'cl_sc1_l1hdr_8x'.
Current design is 'cl_u1_buf_32x'.
Current design is 'cl_u1_nand3_8x'.
Current design is 'cl_u1_inv_8x'.
Current design is 'cl_u1_aoi22_4x'.
Current design is 'cl_u1_buf_8x'.
Current design is 'cl_u1_oai22_4x'.
Current design is 'cl_u1_inv_16x'.
Current design is 'cl_u1_nand2_16x'.
Current design is 'cl_u1_nor3_4x'.
Current design is 'cl_u1_nand2_8x'.
Current design is 'cl_u1_buf_16x'.
Current design is 'cl_u1_nor2_16x'.
Current design is 'cl_u1_inv_32x'.
Current design is 'cl_dp1_l1hdr_8x'.
Current design is 'cl_dp1_muxbuff2_8x'.
Current design is 'cl_dp1_muxbuff3_8x'.
Current design is 'cl_dp1_muxbuff8_8x'.
Current design is 'cl_dp1_penc2_8x'.
Current design is 'cl_dp1_muxbuff4_8x'.
Current design is 'gkt'.
Accepted scan configuration for modes: all_dft
Current design is 'gkt'.
Current design is 'cl_sc1_l1hdr_8x'.
Current design is 'cl_u1_buf_32x'.
Current design is 'cl_u1_nand3_8x'.
Current design is 'cl_u1_inv_8x'.
Current design is 'cl_u1_aoi22_4x'.
Current design is 'cl_u1_buf_8x'.
Current design is 'cl_u1_oai22_4x'.
Current design is 'cl_u1_inv_16x'.
Current design is 'cl_u1_nand2_16x'.
Current design is 'cl_u1_nor3_4x'.
Current design is 'cl_u1_nand2_8x'.
Current design is 'cl_u1_buf_16x'.
Current design is 'cl_u1_nor2_16x'.
Current design is 'cl_u1_inv_32x'.
Current design is 'cl_dp1_l1hdr_8x'.
Current design is 'cl_dp1_muxbuff2_8x'.
Current design is 'cl_dp1_muxbuff3_8x'.
Current design is 'cl_dp1_muxbuff8_8x'.
Current design is 'cl_dp1_penc2_8x'.
Current design is 'cl_dp1_muxbuff4_8x'.
Current design is 'gkt'.
Current design is 'gkt'.

Information: There are 150 potential problems in your design. Please run 'check_design' for more information. (LINT-99)



  Beginning Pass 1 Mapping  (Incremental)
  ------------------------

  Updating timing information
Information: Updating design information... (UID-85)

  Beginning Mapping Optimizations  (Medium effort)  (Incremental)
  -------------------------------

  Beginning Incremental Implementation Selection
  ----------------------------------------------

  Beginning Delay Optimization Phase
  ----------------------------------

                                  TOTAL                                      
   ELAPSED            WORST NEG   SETUP    DESIGN                            
    TIME      AREA      SLACK     COST    RULE COST         ENDPOINT         
  --------- --------- --------- --------- --------- -------------------------
    0:00:01   18826.0      0.19       3.3       0.0                          
    0:00:01   19996.0      0.19      23.4       0.0                          
    0:00:01   19996.0      0.19      23.4       0.0                          


  Beginning Critical Range Optimization
  -------------------------------------

                                  TOTAL                                      
   ELAPSED            WORST NEG   SETUP    DESIGN                            
    TIME      AREA      SLACK     COST    RULE COST         ENDPOINT         
  --------- --------- --------- --------- --------- -------------------------
    0:00:01   19996.0      0.19      23.4       0.0                          


  Beginning Critical Range Optimization
  -------------------------------------

                                  TOTAL                                      
   ELAPSED            WORST NEG   SETUP    DESIGN                            
    TIME      AREA      SLACK     COST    RULE COST         ENDPOINT         
  --------- --------- --------- --------- --------- -------------------------
    0:00:01   19996.0      0.19      23.4       0.0                          
    0:00:01   19997.0      0.19      23.4       0.0                          
Loading db file '/cad/synopsys/dc_shell/G-2012.06-SP5-1/libraries/syn/lsi_10k.db'

  Optimization Complete
  ---------------------
1
###########################################################################
# 7. Write Out netlist
###########################################################################
# Remove don't touch modules from the design
# It caused unmatching hierarchy between rtl and netlist
if { [get_designs -hier $dont_touch_modules] != {} } {
   remove_design $dont_touch_modules
}
# remove dont_touch attribute before flattening the design
if { [get_designs -hier $dont_touch_modules] != {} } {
   set_dont_touch $dont_touch_modules false
}
current_design $top_module
Current design is 'gkt'.
{gkt}
ungroup -all -flatten
Warning: Design has no hierarchy.  No cells can be ungrouped. (UID-228)
0
# Make sure flat netlist does not have "/" in signal names
define_name_rules hier_change -restricted "/" -replacement_char "_"
1
change_names -rule hier_change -hierarchy
1
# Write out netlist.  
write -format verilog -output [format "%s%s%s"  gate/ $top_module .vSyn]
Writing verilog file '/rsgs/scratch0/linhai88/OST2/OST2.design/design/sys/iop/spc/gkt/synopsys/gate/gkt.vSyn'.
Warning: Verilog 'assign' or 'tran' statements are written out. (VO-4)
1
# Report flattened results
redirect [format "%s%s%s" log/ $top_module _area.rep] { report_area }
redirect -append [format "%s%s%s" log/ $top_module _area.rep] { report_reference }
###########################################################################
# 8. Check design and Detect unmapped design
###########################################################################
set unmapped_designs [get_designs -filter "is_unmapped == true" $top_module]
if {  [sizeof_collection $unmapped_designs] != 0 } {
   echo "****************************************************"
   echo "* ERROR!!!! Compile finished with unmapped logic.  *"
   echo "****************************************************"
   quit
}
###########################################################################
# 9. Done
###########################################################################
sh date
Fri Aug  2 18:09:01 PDT 2013
echo "run.scr completed successfully"
run.scr completed successfully
quit

Thank you...
